[0603/123100.145:ERROR:process_info.cc(329)] VirtualQueryEx: Access is denied. (0x5)
[0603/123101.130:ERROR:process_info.cc(556)] ReadMemoryInfo failed
[0603/123101.888:ERROR:scoped_process_suspend.cc(40)] NtResumeProcess: An attempt was made to access an exiting process. (0xc000010a)
[0618/200853.315:ERROR:process_reader_win.cc(123)] NtOpenThread: {Access Denied} A process has requested access to an object, but has not been granted those access rights. (0xc0000022)
[0618/200852.924:ERROR:process_reader_win.cc(123)] NtOpenThread: {Access Denied} A process has requested access to an object, but has not been granted those access rights. (0xc0000022)
[0618/200853.221:ERROR:process_reader_win.cc(123)] NtOpenThread: {Access Denied} A process has requested access to an object, but has not been granted those access rights. (0xc0000022)
[0618/200853.409:ERROR:exception_snapshot_win.cc(98)] thread ID 7560 not found in process
[0618/200853.409:ERROR:exception_snapshot_win.cc(98)] thread ID 6940 not found in process
[0618/200853.409:ERROR:exception_snapshot_win.cc(98)] thread ID 5392 not found in process
[0618/215819.675:ERROR:process_memory_win.cc(73)] ReadMemory at 0x19a46b9c4a0 of 72 bytes failed: Only part of a ReadProcessMemory or WriteProcessMemory request was completed. (0x12B)
[0618/215820.502:WARNING:pe_image_annotations_reader.cc(134)] could not read annotations list object in C:\Program Files (x86)\Google\Chrome\Application\83.0.4103.106\chrome_elf.dll
[0618/215820.502:ERROR:process_memory_win.cc(73)] ReadMemory at 0x7ff8d8c10000 of 64 bytes failed: Only part of a ReadProcessMemory or WriteProcessMemory request was completed. (0x12B)
[0618/215820.503:WARNING:pe_image_reader.cc(340)] could not read dos header from C:\WINDOWS\SYSTEM32\VERSION.dll
[0618/215820.503:ERROR:process_memory_win.cc(73)] ReadMemory at 0x7ff8dce20000 of 64 bytes failed: Only part of a ReadProcessMemory or WriteProcessMemory request was completed. (0x12B)
[0618/215820.503:WARNING:pe_image_reader.cc(340)] could not read dos header from C:\WINDOWS\System32\msvcrt.dll
[0618/215820.503:ERROR:process_memory_win.cc(73)] ReadMemory at 0x7ff8dcd90000 of 64 bytes failed: Only part of a ReadProcessMemory or WriteProcessMemory request was completed. (0x12B)
[0618/215820.503:WARNING:pe_image_reader.cc(340)] could not read dos header from C:\WINDOWS\System32\bcryptPrimitives.dll
[0618/215820.503:ERROR:process_memory_win.cc(73)] ReadMemory at 0x7ff8dcec0000 of 64 bytes failed: Only part of a ReadProcessMemory or WriteProcessMemory request was completed. (0x12B)
[0618/215820.503:WARNING:pe_image_reader.cc(340)] could not read dos header from C:\WINDOWS\System32\ADVAPI32.dll
[0618/215820.503:ERROR:process_memory_win.cc(73)] ReadMemory at 0x7ff8de230000 of 64 bytes failed: Only part of a ReadProcessMemory or WriteProcessMemory request was completed. (0x12B)
[0618/215820.503:WARNING:pe_image_reader.cc(340)] could not read dos header from C:\WINDOWS\System32\sechost.dll
[0618/215820.503:ERROR:process_memory_win.cc(73)] ReadMemory at 0x7ff8dcf70000 of 64 bytes failed: Only part of a ReadProcessMemory or WriteProcessMemory request was completed. (0x12B)
[0618/215820.504:WARNING:pe_image_reader.cc(340)] could not read dos header from C:\WINDOWS\System32\RPCRT4.dll
[0618/215820.504:ERROR:process_memory_win.cc(73)] ReadMemory at 0x7ff87c320000 of 64 bytes failed: Only part of a ReadProcessMemory or WriteProcessMemory request was completed. (0x12B)
[0618/215820.504:WARNING:pe_image_reader.cc(340)] could not read dos header from C:\Program Files (x86)\Google\Chrome\Application\83.0.4103.106\chrome.dll
[0618/215820.504:ERROR:process_memory_win.cc(73)] ReadMemory at 0x7ff8dd170000 of 64 bytes failed: Only part of a ReadProcessMemory or WriteProcessMemory request was completed. (0x12B)
[0618/215820.504:WARNING:pe_image_reader.cc(340)] could not read dos header from C:\WINDOWS\System32\WS2_32.dll
[0618/215820.504:ERROR:process_memory_win.cc(73)] ReadMemory at 0x7ff8dd9b0000 of 64 bytes failed: Only part of a ReadProcessMemory or WriteProcessMemory request was completed. (0x12B)
[0618/215820.504:WARNING:pe_image_reader.cc(340)] could not read dos header from C:\WINDOWS\System32\OLEAUT32.dll
[0618/215820.504:ERROR:process_memory_win.cc(73)] ReadMemory at 0x7ff8dc290000 of 64 bytes failed: Only part of a ReadProcessMemory or WriteProcessMemory request was completed. (0x12B)
[0618/215820.504:WARNING:pe_image_reader.cc(340)] could not read dos header from C:\WINDOWS\System32\msvcp_win.dll
[0618/215820.505:ERROR:process_memory_win.cc(73)] ReadMemory at 0x7ff8dc480000 of 64 bytes failed: Only part of a ReadProcessMemory or WriteProcessMemory request was completed. (0x12B)
[0618/215820.505:WARNING:pe_image_reader.cc(340)] could not read dos header from C:\WINDOWS\System32\ucrtbase.dll
[0618/215820.505:ERROR:process_memory_win.cc(73)] ReadMemory at 0x7ff8ddc50000 of 64 bytes failed: Only part of a ReadProcessMemory or WriteProcessMemory request was completed. (0x12B)
[0618/215820.505:WARNING:pe_image_reader.cc(340)] could not read dos header from C:\WINDOWS\System32\combase.dll
[0618/215820.505:ERROR:process_memory_win.cc(73)] ReadMemory at 0x7ff8dcd30000 of 64 bytes failed: Only part of a ReadProcessMemory or WriteProcessMemory request was completed. (0x12B)
[0618/215820.505:WARNING:pe_image_reader.cc(340)] could not read dos header from C:\WINDOWS\System32\WINTRUST.dll
[0618/215820.505:ERROR:process_memory_win.cc(73)] ReadMemory at 0x7ff8dbcd0000 of 64 bytes failed: Only part of a ReadProcessMemory or WriteProcessMemory request was completed. (0x12B)
[0618/215820.505:WARNING:pe_image_reader.cc(340)] could not read dos header from C:\WINDOWS\System32\MSASN1.dll
[0618/215820.505:ERROR:process_memory_win.cc(73)] ReadMemory at 0x7ff8dc330000 of 64 bytes failed: Only part of a ReadProcessMemory or WriteProcessMemory request was completed. (0x12B)
[0618/215820.506:WARNING:pe_image_reader.cc(340)] could not read dos header from C:\WINDOWS\System32\CRYPT32.dll
[0618/215820.506:ERROR:process_memory_win.cc(73)] ReadMemory at 0x7ff8db1a0000 of 64 bytes failed: Only part of a ReadProcessMemory or WriteProcessMemory request was completed. (0x12B)
[0618/215820.506:WARNING:pe_image_reader.cc(340)] could not read dos header from C:\WINDOWS\SYSTEM32\IPHLPAPI.DLL
[0618/215820.506:ERROR:process_memory_win.cc(73)] ReadMemory at 0x7ff8d8670000 of 64 bytes failed: Only part of a ReadProcessMemory or WriteProcessMemory request was completed. (0x12B)
[0618/215820.506:WARNING:pe_image_reader.cc(340)] could not read dos header from C:\WINDOWS\SYSTEM32\WINMM.dll
[0618/215820.506:ERROR:process_memory_win.cc(73)] ReadMemory at 0x7ff8d0640000 of 64 bytes failed: Only part of a ReadProcessMemory or WriteProcessMemory request was completed. (0x12B)
[0618/215820.506:WARNING:pe_image_reader.cc(340)] could not read dos header from C:\WINDOWS\SYSTEM32\Secur32.dll
[0618/215820.506:ERROR:process_memory_win.cc(73)] ReadMemory at 0x7ff8dbb40000 of 64 bytes failed: Only part of a ReadProcessMemory or WriteProcessMemory request was completed. (0x12B)
[0618/215820.507:WARNING:pe_image_reader.cc(340)] could not read dos header from C:\WINDOWS\SYSTEM32\USERENV.dll
[0618/215820.507:ERROR:process_memory_win.cc(73)] ReadMemory at 0x7ff8dbc30000 of 64 bytes failed: Only part of a ReadProcessMemory or WriteProcessMemory request was completed. (0x12B)
[0618/215820.507:WARNING:pe_image_reader.cc(340)] could not read dos header from C:\WINDOWS\System32\profapi.dll
[0618/215820.507:ERROR:process_memory_win.cc(73)] ReadMemory at 0x7ff8c5300000 of 64 bytes failed: Only part of a ReadProcessMemory or WriteProcessMemory request was completed. (0x12B)
[0618/215820.507:WARNING:pe_image_reader.cc(340)] could not read dos header from C:\WINDOWS\SYSTEM32\UIAutomationCore.DLL
[0618/215820.507:ERROR:process_memory_win.cc(73)] ReadMemory at 0x7ff8cdff0000 of 64 bytes failed: Only part of a ReadProcessMemory or WriteProcessMemory request was completed. (0x12B)
[0618/215820.507:WARNING:pe_image_reader.cc(340)] could not read dos header from C:\WINDOWS\SYSTEM32\DWrite.dll
[0618/215820.507:ERROR:process_memory_win.cc(73)] ReadMemory at 0x7ff8d3f50000 of 64 bytes failed: Only part of a ReadProcessMemory or WriteProcessMemory request was completed. (0x12B)
[0618/215820.508:WARNING:pe_image_reader.cc(340)] could not read dos header from C:\WINDOWS\SYSTEM32\WINSPOOL.DRV
[0618/215820.508:ERROR:process_memory_win.cc(73)] ReadMemory at 0x7ff8dbc60000 of 64 bytes failed: Only part of a ReadProcessMemory or WriteProcessMemory request was completed. (0x12B)
[0618/215820.508:WARNING:pe_image_reader.cc(340)] could not read dos header from C:\WINDOWS\System32\kernel.appcore.dll
[0618/215820.508:ERROR:process_memory_win.cc(73)] ReadMemory at 0x7ff8dbdc0000 of 64 bytes failed: Only part of a ReadProcessMemory or WriteProcessMemory request was completed. (0x12B)
[0618/215820.508:WARNING:pe_image_reader.cc(340)] could not read dos header from C:\WINDOWS\System32\bcrypt.dll
[0618/215820.508:ERROR:process_memory_win.cc(73)] ReadMemory at 0x7ff8d32c0000 of 64 bytes failed: Only part of a ReadProcessMemory or WriteProcessMemory request was completed. (0x12B)
[0618/215820.508:WARNING:pe_image_reader.cc(340)] could not read dos header from C:\WINDOWS\SYSTEM32\dbghelp.dll
[0618/215820.508:ERROR:process_memory_win.cc(73)] ReadMemory at 0x7ff8d2e80000 of 64 bytes failed: Only part of a ReadProcessMemory or WriteProcessMemory request was completed. (0x12B)
[0618/215820.508:WARNING:pe_image_reader.cc(340)] could not read dos header from C:\WINDOWS\SYSTEM32\WINHTTP.dll
[0618/215820.509:ERROR:process_memory_win.cc(73)] ReadMemory at 0x7ff8d3ce0000 of 64 bytes failed: Only part of a ReadProcessMemory or WriteProcessMemory request was completed. (0x12B)
[0618/215820.509:WARNING:pe_image_reader.cc(340)] could not read dos header from C:\WINDOWS\SYSTEM32\dhcpcsvc.DLL
[0618/215820.509:ERROR:process_memory_win.cc(73)] ReadMemory at 0x7ff8ddc00000 of 64 bytes failed: Only part of a ReadProcessMemory or WriteProcessMemory request was completed. (0x12B)
[0618/215820.509:WARNING:pe_image_reader.cc(340)] could not read dos header from C:\WINDOWS\System32\NSI.dll
[0618/215820.509:ERROR:process_memory_win.cc(73)] ReadMemory at 0x7ff8d8640000 of 64 bytes failed: Only part of a ReadProcessMemory or WriteProcessMemory request was completed. (0x12B)
[0618/215820.509:WARNING:pe_image_reader.cc(340)] could not read dos header from C:\WINDOWS\SYSTEM32\WINMMBASE.dll
[0618/215820.509:ERROR:process_memory_win.cc(73)] ReadMemory at 0x7ff8dc240000 of 64 bytes failed: Only part of a ReadProcessMemory or WriteProcessMemory request was completed. (0x12B)
[0618/215820.509:WARNING:pe_image_reader.cc(340)] could not read dos header from C:\WINDOWS\System32\cfgmgr32.dll
[0618/215820.509:ERROR:process_memory_win.cc(73)] ReadMemory at 0x7ff8d86a0000 of 64 bytes failed: Only part of a ReadProcessMemory or WriteProcessMemory request was completed. (0x12B)
[0618/215820.510:WARNING:pe_image_reader.cc(340)] could not read dos header from C:\WINDOWS\SYSTEM32\PROPSYS.dll
[0618/215820.510:ERROR:process_memory_win.cc(73)] ReadMemory at 0x7ff8dda80000 of 64 bytes failed: Only part of a ReadProcessMemory or WriteProcessMemory request was completed. (0x12B)
[0618/215820.510:WARNING:pe_image_reader.cc(340)] could not read dos header from C:\WINDOWS\System32\shcore.dll
[0618/215820.510:ERROR:process_memory_win.cc(73)] ReadMemory at 0x7ff8dbb10000 of 64 bytes failed: Only part of a ReadProcessMemory or WriteProcessMemory request was completed. (0x12B)
[0618/215820.510:WARNING:pe_image_reader.cc(340)] could not read dos header from C:\WINDOWS\SYSTEM32\SSPICLI.DLL
[0618/215820.510:ERROR:process_memory_win.cc(73)] ReadMemory at 0x7ff8db660000 of 64 bytes failed: Only part of a ReadProcessMemory or WriteProcessMemory request was completed. (0x12B)
[0618/215820.510:WARNING:pe_image_reader.cc(340)] could not read dos header from C:\WINDOWS\SYSTEM32\CRYPTBASE.DLL
[0618/215820.862:ERROR:process_memory_win.cc(73)] ReadMemory at 0x7ff766f70000 of 64 bytes failed: Only part of a ReadProcessMemory or WriteProcessMemory request was completed. (0x12B)
[0618/215820.862:WARNING:pe_image_reader.cc(340)] could not read dos header from C:\Program Files (x86)\Google\Chrome\Application\chrome.exe
[0618/215820.862:ERROR:process_memory_win.cc(73)] ReadMemory at 0x7ff8ded60000 of 64 bytes failed: Only part of a ReadProcessMemory or WriteProcessMemory request was completed. (0x12B)
[0618/215820.862:WARNING:pe_image_reader.cc(340)] could not read dos header from C:\WINDOWS\SYSTEM32\ntdll.dll
[0618/215820.862:ERROR:process_memory_win.cc(73)] ReadMemory at 0x7ff8de410000 of 64 bytes failed: Only part of a ReadProcessMemory or WriteProcessMemory request was completed. (0x12B)
[0618/215820.862:WARNING:pe_image_reader.cc(340)] could not read dos header from C:\WINDOWS\System32\KERNEL32.DLL
[0618/215820.863:ERROR:process_memory_win.cc(73)] ReadMemory at 0x7ff8dbdf0000 of 64 bytes failed: Only part of a ReadProcessMemory or WriteProcessMemory request was completed. (0x12B)
[0618/215820.863:WARNING:pe_image_reader.cc(340)] could not read dos header from C:\WINDOWS\System32\KERNELBASE.dll
[0618/215820.863:ERROR:process_memory_win.cc(73)] ReadMemory at 0x7ff8c6010000 of 64 bytes failed: Only part of a ReadProcessMemory or WriteProcessMemory request was completed. (0x12B)
[0618/215820.863:WARNING:pe_image_reader.cc(340)] could not read dos header from C:\Program Files (x86)\Google\Chrome\Application\83.0.4103.106\chrome_elf.dll
[0618/215820.863:ERROR:process_memory_win.cc(73)] ReadMemory at 0x7ff8d8c10000 of 64 bytes failed: Only part of a ReadProcessMemory or WriteProcessMemory request was completed. (0x12B)
[0618/215820.863:WARNING:pe_image_reader.cc(340)] could not read dos header from C:\WINDOWS\SYSTEM32\VERSION.dll
[0618/215820.863:ERROR:process_memory_win.cc(73)] ReadMemory at 0x7ff8dce20000 of 64 bytes failed: Only part of a ReadProcessMemory or WriteProcessMemory request was completed. (0x12B)
[0618/215820.863:WARNING:pe_image_reader.cc(340)] could not read dos header from C:\WINDOWS\System32\msvcrt.dll
[0618/215820.863:ERROR:process_memory_win.cc(73)] ReadMemory at 0x7ff8dcd90000 of 64 bytes failed: Only part of a ReadProcessMemory or WriteProcessMemory request was completed. (0x12B)
[0618/215820.864:WARNING:pe_image_reader.cc(340)] could not read dos header from C:\WINDOWS\System32\bcryptPrimitives.dll
[0618/215820.864:ERROR:process_memory_win.cc(73)] ReadMemory at 0x7ff8dcec0000 of 64 bytes failed: Only part of a ReadProcessMemory or WriteProcessMemory request was completed. (0x12B)
[0618/215820.864:WARNING:pe_image_reader.cc(340)] could not read dos header from C:\WINDOWS\System32\ADVAPI32.dll
[0618/215820.864:ERROR:process_memory_win.cc(73)] ReadMemory at 0x7ff8de230000 of 64 bytes failed: Only part of a ReadProcessMemory or WriteProcessMemory request was completed. (0x12B)
[0618/215820.864:WARNING:pe_image_reader.cc(340)] could not read dos header from C:\WINDOWS\System32\sechost.dll
[0618/215820.864:ERROR:process_memory_win.cc(73)] ReadMemory at 0x7ff8dcf70000 of 64 bytes failed: Only part of a ReadProcessMemory or WriteProcessMemory request was completed. (0x12B)
[0618/215820.864:WARNING:pe_image_reader.cc(340)] could not read dos header from C:\WINDOWS\System32\RPCRT4.dll
[0618/215820.864:ERROR:process_memory_win.cc(73)] ReadMemory at 0x7ff87c320000 of 64 bytes failed: Only part of a ReadProcessMemory or WriteProcessMemory request was completed. (0x12B)
[0618/215820.864:WARNING:pe_image_reader.cc(340)] could not read dos header from C:\Program Files (x86)\Google\Chrome\Application\83.0.4103.106\chrome.dll
[0618/215820.865:ERROR:process_memory_win.cc(73)] ReadMemory at 0x7ff8dd170000 of 64 bytes failed: Only part of a ReadProcessMemory or WriteProcessMemory request was completed. (0x12B)
[0618/215820.865:WARNING:pe_image_reader.cc(340)] could not read dos header from C:\WINDOWS\System32\WS2_32.dll
[0618/215820.865:ERROR:process_memory_win.cc(73)] ReadMemory at 0x7ff8dd9b0000 of 64 bytes failed: Only part of a ReadProcessMemory or WriteProcessMemory request was completed. (0x12B)
[0618/215820.865:WARNING:pe_image_reader.cc(340)] could not read dos header from C:\WINDOWS\System32\OLEAUT32.dll
[0618/215820.865:ERROR:process_memory_win.cc(73)] ReadMemory at 0x7ff8dc290000 of 64 bytes failed: Only part of a ReadProcessMemory or WriteProcessMemory request was completed. (0x12B)
[0618/215820.865:WARNING:pe_image_reader.cc(340)] could not read dos header from C:\WINDOWS\System32\msvcp_win.dll
[0618/215820.865:ERROR:process_memory_win.cc(73)] ReadMemory at 0x7ff8dc480000 of 64 bytes failed: Only part of a ReadProcessMemory or WriteProcessMemory request was completed. (0x12B)
[0618/215820.866:WARNING:pe_image_reader.cc(340)] could not read dos header from C:\WINDOWS\System32\ucrtbase.dll
[0618/215820.866:ERROR:process_memory_win.cc(73)] ReadMemory at 0x7ff8ddc50000 of 64 bytes failed: Only part of a ReadProcessMemory or WriteProcessMemory request was completed. (0x12B)
[0618/215820.866:WARNING:pe_image_reader.cc(340)] could not read dos header from C:\WINDOWS\System32\combase.dll
[0618/215820.866:ERROR:process_memory_win.cc(73)] ReadMemory at 0x7ff8dcd30000 of 64 bytes failed: Only part of a ReadProcessMemory or WriteProcessMemory request was completed. (0x12B)
[0618/215820.866:WARNING:pe_image_reader.cc(340)] could not read dos header from C:\WINDOWS\System32\WINTRUST.dll
[0618/215820.866:ERROR:process_memory_win.cc(73)] ReadMemory at 0x7ff8dbcd0000 of 64 bytes failed: Only part of a ReadProcessMemory or WriteProcessMemory request was completed. (0x12B)
[0618/215820.866:WARNING:pe_image_reader.cc(340)] could not read dos header from C:\WINDOWS\System32\MSASN1.dll
[0618/215820.866:ERROR:process_memory_win.cc(73)] ReadMemory at 0x7ff8dc330000 of 64 bytes failed: Only part of a ReadProcessMemory or WriteProcessMemory request was completed. (0x12B)
[0618/215820.866:WARNING:pe_image_reader.cc(340)] could not read dos header from C:\WINDOWS\System32\CRYPT32.dll
[0618/215820.867:ERROR:process_memory_win.cc(73)] ReadMemory at 0x7ff8db1a0000 of 64 bytes failed: Only part of a ReadProcessMemory or WriteProcessMemory request was completed. (0x12B)
[0618/215820.867:WARNING:pe_image_reader.cc(340)] could not read dos header from C:\WINDOWS\SYSTEM32\IPHLPAPI.DLL
[0618/215820.867:ERROR:process_memory_win.cc(73)] ReadMemory at 0x7ff8d8670000 of 64 bytes failed: Only part of a ReadProcessMemory or WriteProcessMemory request was completed. (0x12B)
[0618/215820.867:WARNING:pe_image_reader.cc(340)] could not read dos header from C:\WINDOWS\SYSTEM32\WINMM.dll
[0618/215820.867:ERROR:process_memory_win.cc(73)] ReadMemory at 0x7ff8d0640000 of 64 bytes failed: Only part of a ReadProcessMemory or WriteProcessMemory request was completed. (0x12B)
[0618/215820.867:WARNING:pe_image_reader.cc(340)] could not read dos header from C:\WINDOWS\SYSTEM32\Secur32.dll
[0618/215820.867:ERROR:process_memory_win.cc(73)] ReadMemory at 0x7ff8dbb40000 of 64 bytes failed: Only part of a ReadProcessMemory or WriteProcessMemory request was completed. (0x12B)
[0618/215820.867:WARNING:pe_image_reader.cc(340)] could not read dos header from C:\WINDOWS\SYSTEM32\USERENV.dll
[0618/215820.867:ERROR:process_memory_win.cc(73)] ReadMemory at 0x7ff8dbc30000 of 64 bytes failed: Only part of a ReadProcessMemory or WriteProcessMemory request was completed. (0x12B)
[0618/215820.867:WARNING:pe_image_reader.cc(340)] could not read dos header from C:\WINDOWS\System32\profapi.dll
[0618/215820.868:ERROR:process_memory_win.cc(73)] ReadMemory at 0x7ff8c5300000 of 64 bytes failed: Only part of a ReadProcessMemory or WriteProcessMemory request was completed. (0x12B)
[0618/215820.868:WARNING:pe_image_reader.cc(340)] could not read dos header from C:\WINDOWS\SYSTEM32\UIAutomationCore.DLL
[0618/215820.868:ERROR:process_memory_win.cc(73)] ReadMemory at 0x7ff8cdff0000 of 64 bytes failed: Only part of a ReadProcessMemory or WriteProcessMemory request was completed. (0x12B)
[0618/215820.868:WARNING:pe_image_reader.cc(340)] could not read dos header from C:\WINDOWS\SYSTEM32\DWrite.dll
[0618/215820.868:ERROR:process_memory_win.cc(73)] ReadMemory at 0x7ff8d3f50000 of 64 bytes failed: Only part of a ReadProcessMemory or WriteProcessMemory request was completed. (0x12B)
[0618/215820.868:WARNING:pe_image_reader.cc(340)] could not read dos header from C:\WINDOWS\SYSTEM32\WINSPOOL.DRV
[0618/215820.868:ERROR:process_memory_win.cc(73)] ReadMemory at 0x7ff8dbc60000 of 64 bytes failed: Only part of a ReadProcessMemory or WriteProcessMemory request was completed. (0x12B)
[0618/215820.868:WARNING:pe_image_reader.cc(340)] could not read dos header from C:\WINDOWS\System32\kernel.appcore.dll
[0618/215820.869:ERROR:process_memory_win.cc(73)] ReadMemory at 0x7ff8dbdc0000 of 64 bytes failed: Only part of a ReadProcessMemory or WriteProcessMemory request was completed. (0x12B)
[0618/215820.869:WARNING:pe_image_reader.cc(340)] could not read dos header from C:\WINDOWS\System32\bcrypt.dll
[0618/215820.869:ERROR:process_memory_win.cc(73)] ReadMemory at 0x7ff8d32c0000 of 64 bytes failed: Only part of a ReadProcessMemory or WriteProcessMemory request was completed. (0x12B)
[0618/215820.869:WARNING:pe_image_reader.cc(340)] could not read dos header from C:\WINDOWS\SYSTEM32\dbghelp.dll
[0618/215820.869:ERROR:process_memory_win.cc(73)] ReadMemory at 0x7ff8d2e80000 of 64 bytes failed: Only part of a ReadProcessMemory or WriteProcessMemory request was completed. (0x12B)
[0618/215820.869:WARNING:pe_image_reader.cc(340)] could not read dos header from C:\WINDOWS\SYSTEM32\WINHTTP.dll
[0618/215820.869:ERROR:process_memory_win.cc(73)] ReadMemory at 0x7ff8d3ce0000 of 64 bytes failed: Only part of a ReadProcessMemory or WriteProcessMemory request was completed. (0x12B)
[0618/215820.869:WARNING:pe_image_reader.cc(340)] could not read dos header from C:\WINDOWS\SYSTEM32\dhcpcsvc.DLL
[0618/215820.869:ERROR:process_memory_win.cc(73)] ReadMemory at 0x7ff8ddc00000 of 64 bytes failed: Only part of a ReadProcessMemory or WriteProcessMemory request was completed. (0x12B)
[0618/215820.870:WARNING:pe_image_reader.cc(340)] could not read dos header from C:\WINDOWS\System32\NSI.dll
[0618/215820.870:ERROR:process_memory_win.cc(73)] ReadMemory at 0x7ff8d8640000 of 64 bytes failed: Only part of a ReadProcessMemory or WriteProcessMemory request was completed. (0x12B)
[0618/215820.870:WARNING:pe_image_reader.cc(340)] could not read dos header from C:\WINDOWS\SYSTEM32\WINMMBASE.dll
[0618/215820.870:ERROR:process_memory_win.cc(73)] ReadMemory at 0x7ff8dc240000 of 64 bytes failed: Only part of a ReadProcessMemory or WriteProcessMemory request was completed. (0x12B)
[0618/215820.870:WARNING:pe_image_reader.cc(340)] could not read dos header from C:\WINDOWS\System32\cfgmgr32.dll
[0618/215820.870:ERROR:process_memory_win.cc(73)] ReadMemory at 0x7ff8d86a0000 of 64 bytes failed: Only part of a ReadProcessMemory or WriteProcessMemory request was completed. (0x12B)
[0618/215820.870:WARNING:pe_image_reader.cc(340)] could not read dos header from C:\WINDOWS\SYSTEM32\PROPSYS.dll
[0618/215820.870:ERROR:process_memory_win.cc(73)] ReadMemory at 0x7ff8dda80000 of 64 bytes failed: Only part of a ReadProcessMemory or WriteProcessMemory request was completed. (0x12B)
[0618/215820.870:WARNING:pe_image_reader.cc(340)] could not read dos header from C:\WINDOWS\System32\shcore.dll
[0618/215820.871:ERROR:process_memory_win.cc(73)] ReadMemory at 0x7ff8dbb10000 of 64 bytes failed: Only part of a ReadProcessMemory or WriteProcessMemory request was completed. (0x12B)
[0618/215820.871:WARNING:pe_image_reader.cc(340)] could not read dos header from C:\WINDOWS\SYSTEM32\SSPICLI.DLL
[0618/215820.871:ERROR:process_memory_win.cc(73)] ReadMemory at 0x7ff8db660000 of 64 bytes failed: Only part of a ReadProcessMemory or WriteProcessMemory request was completed. (0x12B)
[0618/215820.871:WARNING:pe_image_reader.cc(340)] could not read dos header from C:\WINDOWS\SYSTEM32\CRYPTBASE.DLL
[0618/215820.871:ERROR:process_memory_win.cc(73)] ReadMemory at 0x7ff766f70000 of 64 bytes failed: Only part of a ReadProcessMemory or WriteProcessMemory request was completed. (0x12B)
[0618/215820.871:WARNING:pe_image_reader.cc(340)] could not read dos header from C:\Program Files (x86)\Google\Chrome\Application\chrome.exe
[0618/215820.871:ERROR:process_memory_win.cc(73)] ReadMemory at 0x7ff8ded60000 of 64 bytes failed: Only part of a ReadProcessMemory or WriteProcessMemory request was completed. (0x12B)
[0618/215820.871:WARNING:pe_image_reader.cc(340)] could not read dos header from C:\WINDOWS\SYSTEM32\ntdll.dll
[0618/215820.871:ERROR:process_memory_win.cc(73)] ReadMemory at 0x7ff8de410000 of 64 bytes failed: Only part of a ReadProcessMemory or WriteProcessMemory request was completed. (0x12B)
[0618/215820.871:WARNING:pe_image_reader.cc(340)] could not read dos header from C:\WINDOWS\System32\KERNEL32.DLL
[0618/215820.872:ERROR:process_memory_win.cc(73)] ReadMemory at 0x7ff8dbdf0000 of 64 bytes failed: Only part of a ReadProcessMemory or WriteProcessMemory request was completed. (0x12B)
[0618/215820.872:WARNING:pe_image_reader.cc(340)] could not read dos header from C:\WINDOWS\System32\KERNELBASE.dll
[0618/215820.872:ERROR:process_memory_win.cc(73)] ReadMemory at 0x7ff8c6010000 of 64 bytes failed: Only part of a ReadProcessMemory or WriteProcessMemory request was completed. (0x12B)
[0618/215820.872:WARNING:pe_image_reader.cc(340)] could not read dos header from C:\Program Files (x86)\Google\Chrome\Application\83.0.4103.106\chrome_elf.dll
[0618/215820.872:ERROR:process_memory_win.cc(73)] ReadMemory at 0x7ff8d8c10000 of 64 bytes failed: Only part of a ReadProcessMemory or WriteProcessMemory request was completed. (0x12B)
[0618/215820.872:WARNING:pe_image_reader.cc(340)] could not read dos header from C:\WINDOWS\SYSTEM32\VERSION.dll
[0618/215820.872:ERROR:process_memory_win.cc(73)] ReadMemory at 0x7ff8dce20000 of 64 bytes failed: Only part of a ReadProcessMemory or WriteProcessMemory request was completed. (0x12B)
[0618/215820.872:WARNING:pe_image_reader.cc(340)] could not read dos header from C:\WINDOWS\System32\msvcrt.dll
[0618/215820.872:ERROR:process_memory_win.cc(73)] ReadMemory at 0x7ff8dcd90000 of 64 bytes failed: Only part of a ReadProcessMemory or WriteProcessMemory request was completed. (0x12B)
[0618/215820.873:WARNING:pe_image_reader.cc(340)] could not read dos header from C:\WINDOWS\System32\bcryptPrimitives.dll
[0618/215820.873:ERROR:process_memory_win.cc(73)] ReadMemory at 0x7ff8dcec0000 of 64 bytes failed: Only part of a ReadProcessMemory or WriteProcessMemory request was completed. (0x12B)
[0618/215820.873:WARNING:pe_image_reader.cc(340)] could not read dos header from C:\WINDOWS\System32\ADVAPI32.dll
[0618/215820.873:ERROR:process_memory_win.cc(73)] ReadMemory at 0x7ff8de230000 of 64 bytes failed: Only part of a ReadProcessMemory or WriteProcessMemory request was completed. (0x12B)
[0618/215820.873:WARNING:pe_image_reader.cc(340)] could not read dos header from C:\WINDOWS\System32\sechost.dll
[0618/215820.873:ERROR:process_memory_win.cc(73)] ReadMemory at 0x7ff8dcf70000 of 64 bytes failed: Only part of a ReadProcessMemory or WriteProcessMemory request was completed. (0x12B)
[0618/215820.873:WARNING:pe_image_reader.cc(340)] could not read dos header from C:\WINDOWS\System32\RPCRT4.dll
[0618/215820.873:ERROR:process_memory_win.cc(73)] ReadMemory at 0x7ff87c320000 of 64 bytes failed: Only part of a ReadProcessMemory or WriteProcessMemory request was completed. (0x12B)
[0618/215820.873:WARNING:pe_image_reader.cc(340)] could not read dos header from C:\Program Files (x86)\Google\Chrome\Application\83.0.4103.106\chrome.dll
[0618/215820.874:ERROR:process_memory_win.cc(73)] ReadMemory at 0x7ff8dd170000 of 64 bytes failed: Only part of a ReadProcessMemory or WriteProcessMemory request was completed. (0x12B)
[0618/215820.874:WARNING:pe_image_reader.cc(340)] could not read dos header from C:\WINDOWS\System32\WS2_32.dll
[0618/215820.874:ERROR:process_memory_win.cc(73)] ReadMemory at 0x7ff8dd9b0000 of 64 bytes failed: Only part of a ReadProcessMemory or WriteProcessMemory request was completed. (0x12B)
[0618/215820.874:WARNING:pe_image_reader.cc(340)] could not read dos header from C:\WINDOWS\System32\OLEAUT32.dll
[0618/215820.874:ERROR:process_memory_win.cc(73)] ReadMemory at 0x7ff8dc290000 of 64 bytes failed: Only part of a ReadProcessMemory or WriteProcessMemory request was completed. (0x12B)
[0618/215820.874:WARNING:pe_image_reader.cc(340)] could not read dos header from C:\WINDOWS\System32\msvcp_win.dll
[0618/215820.874:ERROR:process_memory_win.cc(73)] ReadMemory at 0x7ff8dc480000 of 64 bytes failed: Only part of a ReadProcessMemory or WriteProcessMemory request was completed. (0x12B)
[0618/215820.874:WARNING:pe_image_reader.cc(340)] could not read dos header from C:\WINDOWS\System32\ucrtbase.dll
[0618/215820.874:ERROR:process_memory_win.cc(73)] ReadMemory at 0x7ff8ddc50000 of 64 bytes failed: Only part of a ReadProcessMemory or WriteProcessMemory request was completed. (0x12B)
[0618/215820.875:WARNING:pe_image_reader.cc(340)] could not read dos header from C:\WINDOWS\System32\combase.dll
[0618/215820.875:ERROR:process_memory_win.cc(73)] ReadMemory at 0x7ff8dcd30000 of 64 bytes failed: Only part of a ReadProcessMemory or WriteProcessMemory request was completed. (0x12B)
[0618/215820.875:WARNING:pe_image_reader.cc(340)] could not read dos header from C:\WINDOWS\System32\WINTRUST.dll
[0618/215820.875:ERROR:process_memory_win.cc(73)] ReadMemory at 0x7ff8dbcd0000 of 64 bytes failed: Only part of a ReadProcessMemory or WriteProcessMemory request was completed. (0x12B)
[0618/215820.875:WARNING:pe_image_reader.cc(340)] could not read dos header from C:\WINDOWS\System32\MSASN1.dll
[0618/215820.875:ERROR:process_memory_win.cc(73)] ReadMemory at 0x7ff8dc330000 of 64 bytes failed: Only part of a ReadProcessMemory or WriteProcessMemory request was completed. (0x12B)
[0618/215820.875:WARNING:pe_image_reader.cc(340)] could not read dos header from C:\WINDOWS\System32\CRYPT32.dll
[0618/215820.875:ERROR:process_memory_win.cc(73)] ReadMemory at 0x7ff8db1a0000 of 64 bytes failed: Only part of a ReadProcessMemory or WriteProcessMemory request was completed. (0x12B)
[0618/215820.875:WARNING:pe_image_reader.cc(340)] could not read dos header from C:\WINDOWS\SYSTEM32\IPHLPAPI.DLL
[0618/215820.876:ERROR:process_memory_win.cc(73)] ReadMemory at 0x7ff8d8670000 of 64 bytes failed: Only part of a ReadProcessMemory or WriteProcessMemory request was completed. (0x12B)
[0618/215820.876:WARNING:pe_image_reader.cc(340)] could not read dos header from C:\WINDOWS\SYSTEM32\WINMM.dll
[0618/215820.876:ERROR:process_memory_win.cc(73)] ReadMemory at 0x7ff8d0640000 of 64 bytes failed: Only part of a ReadProcessMemory or WriteProcessMemory request was completed. (0x12B)
[0618/215820.876:WARNING:pe_image_reader.cc(340)] could not read dos header from C:\WINDOWS\SYSTEM32\Secur32.dll
[0618/215820.876:ERROR:process_memory_win.cc(73)] ReadMemory at 0x7ff8dbb40000 of 64 bytes failed: Only part of a ReadProcessMemory or WriteProcessMemory request was completed. (0x12B)
[0618/215820.876:WARNING:pe_image_reader.cc(340)] could not read dos header from C:\WINDOWS\SYSTEM32\USERENV.dll
[0618/215820.876:ERROR:process_memory_win.cc(73)] ReadMemory at 0x7ff8dbc30000 of 64 bytes failed: Only part of a ReadProcessMemory or WriteProcessMemory request was completed. (0x12B)
[0618/215820.876:WARNING:pe_image_reader.cc(340)] could not read dos header from C:\WINDOWS\System32\profapi.dll
[0618/215820.876:ERROR:process_memory_win.cc(73)] ReadMemory at 0x7ff8c5300000 of 64 bytes failed: Only part of a ReadProcessMemory or WriteProcessMemory request was completed. (0x12B)
[0618/215820.877:WARNING:pe_image_reader.cc(340)] could not read dos header from C:\WINDOWS\SYSTEM32\UIAutomationCore.DLL
[0618/215820.877:ERROR:process_memory_win.cc(73)] ReadMemory at 0x7ff8cdff0000 of 64 bytes failed: Only part of a ReadProcessMemory or WriteProcessMemory request was completed. (0x12B)
[0618/215820.877:WARNING:pe_image_reader.cc(340)] could not read dos header from C:\WINDOWS\SYSTEM32\DWrite.dll
[0618/215820.877:ERROR:process_memory_win.cc(73)] ReadMemory at 0x7ff8d3f50000 of 64 bytes failed: Only part of a ReadProcessMemory or WriteProcessMemory request was completed. (0x12B)
[0618/215820.877:WARNING:pe_image_reader.cc(340)] could not read dos header from C:\WINDOWS\SYSTEM32\WINSPOOL.DRV
[0618/215820.877:ERROR:process_memory_win.cc(73)] ReadMemory at 0x7ff8dbc60000 of 64 bytes failed: Only part of a ReadProcessMemory or WriteProcessMemory request was completed. (0x12B)
[0618/215820.877:WARNING:pe_image_reader.cc(340)] could not read dos header from C:\WINDOWS\System32\kernel.appcore.dll
[0618/215820.877:ERROR:process_memory_win.cc(73)] ReadMemory at 0x7ff8dbdc0000 of 64 bytes failed: Only part of a ReadProcessMemory or WriteProcessMemory request was completed. (0x12B)
[0618/215820.877:WARNING:pe_image_reader.cc(340)] could not read dos header from C:\WINDOWS\System32\bcrypt.dll
[0618/215820.878:ERROR:process_memory_win.cc(73)] ReadMemory at 0x7ff8d32c0000 of 64 bytes failed: Only part of a ReadProcessMemory or WriteProcessMemory request was completed. (0x12B)
[0618/215820.878:WARNING:pe_image_reader.cc(340)] could not read dos header from C:\WINDOWS\SYSTEM32\dbghelp.dll
[0618/215820.878:ERROR:process_memory_win.cc(73)] ReadMemory at 0x7ff8d2e80000 of 64 bytes failed: Only part of a ReadProcessMemory or WriteProcessMemory request was completed. (0x12B)
[0618/215820.878:WARNING:pe_image_reader.cc(340)] could not read dos header from C:\WINDOWS\SYSTEM32\WINHTTP.dll
[0618/215820.878:ERROR:process_memory_win.cc(73)] ReadMemory at 0x7ff8d3ce0000 of 64 bytes failed: Only part of a ReadProcessMemory or WriteProcessMemory request was completed. (0x12B)
[0618/215820.878:WARNING:pe_image_reader.cc(340)] could not read dos header from C:\WINDOWS\SYSTEM32\dhcpcsvc.DLL
[0618/215820.878:ERROR:process_memory_win.cc(73)] ReadMemory at 0x7ff8ddc00000 of 64 bytes failed: Only part of a ReadProcessMemory or WriteProcessMemory request was completed. (0x12B)
[0618/215820.878:WARNING:pe_image_reader.cc(340)] could not read dos header from C:\WINDOWS\System32\NSI.dll
[0618/215820.878:ERROR:process_memory_win.cc(73)] ReadMemory at 0x7ff8d8640000 of 64 bytes failed: Only part of a ReadProcessMemory or WriteProcessMemory request was completed. (0x12B)
[0618/215820.879:WARNING:pe_image_reader.cc(340)] could not read dos header from C:\WINDOWS\SYSTEM32\WINMMBASE.dll
[0618/215820.879:ERROR:process_memory_win.cc(73)] ReadMemory at 0x7ff8dc240000 of 64 bytes failed: Only part of a ReadProcessMemory or WriteProcessMemory request was completed. (0x12B)
[0618/215820.879:WARNING:pe_image_reader.cc(340)] could not read dos header from C:\WINDOWS\System32\cfgmgr32.dll
[0618/215820.879:ERROR:process_memory_win.cc(73)] ReadMemory at 0x7ff8d86a0000 of 64 bytes failed: Only part of a ReadProcessMemory or WriteProcessMemory request was completed. (0x12B)
[0618/215820.879:WARNING:pe_image_reader.cc(340)] could not read dos header from C:\WINDOWS\SYSTEM32\PROPSYS.dll
[0618/215820.879:ERROR:process_memory_win.cc(73)] ReadMemory at 0x7ff8dda80000 of 64 bytes failed: Only part of a ReadProcessMemory or WriteProcessMemory request was completed. (0x12B)
[0618/215820.879:WARNING:pe_image_reader.cc(340)] could not read dos header from C:\WINDOWS\System32\shcore.dll
[0618/215820.879:ERROR:process_memory_win.cc(73)] ReadMemory at 0x7ff8dbb10000 of 64 bytes failed: Only part of a ReadProcessMemory or WriteProcessMemory request was completed. (0x12B)
[0618/215820.879:WARNING:pe_image_reader.cc(340)] could not read dos header from C:\WINDOWS\SYSTEM32\SSPICLI.DLL
[0618/215820.880:ERROR:process_memory_win.cc(73)] ReadMemory at 0x7ff8db660000 of 64 bytes failed: Only part of a ReadProcessMemory or WriteProcessMemory request was completed. (0x12B)
[0618/215820.880:WARNING:pe_image_reader.cc(340)] could not read dos header from C:\WINDOWS\SYSTEM32\CRYPTBASE.DLL
[0618/215821.417:ERROR:process_memory_win.cc(73)] ReadMemory at 0x20917f0000 of 65536 bytes failed: Only part of a ReadProcessMemory or WriteProcessMemory request was completed. (0x12B)
[0618/215821.418:ERROR:process_memory_win.cc(73)] ReadMemory at 0x2091ffd000 of 12288 bytes failed: Only part of a ReadProcessMemory or WriteProcessMemory request was completed. (0x12B)
[0618/215821.418:ERROR:process_memory_win.cc(73)] ReadMemory at 0x2092ffd000 of 12288 bytes failed: Only part of a ReadProcessMemory or WriteProcessMemory request was completed. (0x12B)
[0618/215821.418:ERROR:process_memory_win.cc(73)] ReadMemory at 0x20937fb000 of 20480 bytes failed: Only part of a ReadProcessMemory or WriteProcessMemory request was completed. (0x12B)
[0618/215821.419:ERROR:process_memory_win.cc(73)] ReadMemory at 0x2093fff000 of 4096 bytes failed: Only part of a ReadProcessMemory or WriteProcessMemory request was completed. (0x12B)
[0618/215821.419:ERROR:process_memory_win.cc(73)] ReadMemory at 0x20947fc000 of 16384 bytes failed: Only part of a ReadProcessMemory or WriteProcessMemory request was completed. (0x12B)
[0618/215821.419:ERROR:process_memory_win.cc(73)] ReadMemory at 0x2094ffb000 of 20480 bytes failed: Only part of a ReadProcessMemory or WriteProcessMemory request was completed. (0x12B)
[0618/215821.420:ERROR:process_memory_win.cc(73)] ReadMemory at 0x2095ffd000 of 12288 bytes failed: Only part of a ReadProcessMemory or WriteProcessMemory request was completed. (0x12B)
[0618/215821.420:ERROR:process_memory_win.cc(73)] ReadMemory at 0x20967fa000 of 24576 bytes failed: Only part of a ReadProcessMemory or WriteProcessMemory request was completed. (0x12B)
[0618/215821.420:ERROR:process_memory_win.cc(73)] ReadMemory at 0x2096ff9000 of 28672 bytes failed: Only part of a ReadProcessMemory or WriteProcessMemory request was completed. (0x12B)
[0618/215821.420:ERROR:process_memory_win.cc(73)] ReadMemory at 0x20977fa000 of 24576 bytes failed: Only part of a ReadProcessMemory or WriteProcessMemory request was completed. (0x12B)
[0618/215821.421:ERROR:process_memory_win.cc(73)] ReadMemory at 0x20987fa000 of 24576 bytes failed: Only part of a ReadProcessMemory or WriteProcessMemory request was completed. (0x12B)
[0618/215821.421:ERROR:process_memory_win.cc(73)] ReadMemory at 0x20957fd000 of 12288 bytes failed: Only part of a ReadProcessMemory or WriteProcessMemory request was completed. (0x12B)
[0618/215821.421:ERROR:process_memory_win.cc(73)] ReadMemory at 0x20927ff000 of 4096 bytes failed: Only part of a ReadProcessMemory or WriteProcessMemory request was completed. (0x12B)
[0618/215821.421:ERROR:process_memory_win.cc(73)] ReadMemory at 0x2090e00000 of 6024 bytes failed: Only part of a ReadProcessMemory or WriteProcessMemory request was completed. (0x12B)
[0618/215821.422:ERROR:process_memory_win.cc(73)] ReadMemory at 0x2090e04000 of 6024 bytes failed: Only part of a ReadProcessMemory or WriteProcessMemory request was completed. (0x12B)
[0618/215821.422:ERROR:process_memory_win.cc(73)] ReadMemory at 0x2090e06000 of 6024 bytes failed: Only part of a ReadProcessMemory or WriteProcessMemory request was completed. (0x12B)
[0618/215821.422:ERROR:process_memory_win.cc(73)] ReadMemory at 0x2090e08000 of 6024 bytes failed: Only part of a ReadProcessMemory or WriteProcessMemory request was completed. (0x12B)
[0618/215821.422:ERROR:process_memory_win.cc(73)] ReadMemory at 0x2090e0a000 of 6024 bytes failed: Only part of a ReadProcessMemory or WriteProcessMemory request was completed. (0x12B)
[0618/215821.423:ERROR:process_memory_win.cc(73)] ReadMemory at 0x2090e0e000 of 6024 bytes failed: Only part of a ReadProcessMemory or WriteProcessMemory request was completed. (0x12B)
[0618/215821.423:ERROR:process_memory_win.cc(73)] ReadMemory at 0x2090e10000 of 6024 bytes failed: Only part of a ReadProcessMemory or WriteProcessMemory request was completed. (0x12B)
[0618/215821.423:ERROR:process_memory_win.cc(73)] ReadMemory at 0x2090e14000 of 6024 bytes failed: Only part of a ReadProcessMemory or WriteProcessMemory request was completed. (0x12B)
[0618/215821.423:ERROR:process_memory_win.cc(73)] ReadMemory at 0x2090ff0000 of 852 bytes failed: Only part of a ReadProcessMemory or WriteProcessMemory request was completed. (0x12B)
[0618/215821.423:ERROR:process_memory_win.cc(73)] ReadMemory at 0x2090ff1000 of 6024 bytes failed: Only part of a ReadProcessMemory or WriteProcessMemory request was completed. (0x12B)
[0618/215821.424:ERROR:process_memory_win.cc(73)] ReadMemory at 0x2090ff3000 of 6024 bytes failed: Only part of a ReadProcessMemory or WriteProcessMemory request was completed. (0x12B)
[0618/215821.424:ERROR:process_memory_win.cc(73)] ReadMemory at 0x2090ff7000 of 6024 bytes failed: Only part of a ReadProcessMemory or WriteProcessMemory request was completed. (0x12B)
[0618/215821.424:ERROR:process_memory_win.cc(73)] ReadMemory at 0x2090ff9000 of 6024 bytes failed: Only part of a ReadProcessMemory or WriteProcessMemory request was completed. (0x12B)
[0618/215821.424:ERROR:process_memory_win.cc(73)] ReadMemory at 0x2090ffb000 of 6024 bytes failed: Only part of a ReadProcessMemory or WriteProcessMemory request was completed. (0x12B)
[0618/215821.425:ERROR:process_memory_win.cc(73)] ReadMemory at 0x2090ffd000 of 6024 bytes failed: Only part of a ReadProcessMemory or WriteProcessMemory request was completed. (0x12B)
[0618/215821.425:ERROR:process_memory_win.cc(73)] ReadMemory at 0x19a46bd0750 of 80 bytes failed: Only part of a ReadProcessMemory or WriteProcessMemory request was completed. (0x12B)
[0618/215821.425:ERROR:process_memory_win.cc(73)] ReadMemory at 0x19a46bd0fe0 of 19632 bytes failed: Only part of a ReadProcessMemory or WriteProcessMemory request was completed. (0x12B)
[0618/215821.425:ERROR:process_memory_win.cc(73)] ReadMemory at 0x19a46bd5ca0 of 1012 bytes failed: Only part of a ReadProcessMemory or WriteProcessMemory request was completed. (0x12B)
[0618/215821.426:ERROR:process_memory_win.cc(73)] ReadMemory at 0x19a46bd62e8 of 118 bytes failed: Only part of a ReadProcessMemory or WriteProcessMemory request was completed. (0x12B)
[0618/215821.426:ERROR:process_memory_win.cc(73)] ReadMemory at 0x19a46bd6360 of 752 bytes failed: Only part of a ReadProcessMemory or WriteProcessMemory request was completed. (0x12B)
[0618/215821.426:ERROR:process_memory_win.cc(73)] ReadMemory at 0x19a46bd6652 of 118 bytes failed: Only part of a ReadProcessMemory or WriteProcessMemory request was completed. (0x12B)
[0618/215821.426:ERROR:process_memory_win.cc(73)] ReadMemory at 0x19a46bd66ca of 100 bytes failed: Only part of a ReadProcessMemory or WriteProcessMemory request was completed. (0x12B)
[0618/215821.427:ERROR:process_memory_win.cc(73)] ReadMemory at 0x19a46bd6740 of 58 bytes failed: Only part of a ReadProcessMemory or WriteProcessMemory request was completed. (0x12B)
[0618/215821.427:ERROR:process_memory_win.cc(73)] ReadMemory at 0x19a46bd6840 of 132 bytes failed: Only part of a ReadProcessMemory or WriteProcessMemory request was completed. (0x12B)
[0618/215821.427:ERROR:process_memory_win.cc(73)] ReadMemory at 0x19a46bd69d0 of 132 bytes failed: Only part of a ReadProcessMemory or WriteProcessMemory request was completed. (0x12B)
[0618/215821.427:ERROR:process_memory_win.cc(73)] ReadMemory at 0x19a46bd6b90 of 126 bytes failed: Only part of a ReadProcessMemory or WriteProcessMemory request was completed. (0x12B)
[0618/215821.427:ERROR:process_memory_win.cc(73)] ReadMemory at 0x19a46bd6f70 of 132 bytes failed: Only part of a ReadProcessMemory or WriteProcessMemory request was completed. (0x12B)
[0618/215821.428:ERROR:process_memory_win.cc(73)] ReadMemory at 0x19a46bd7100 of 64 bytes failed: Only part of a ReadProcessMemory or WriteProcessMemory request was completed. (0x12B)
[0618/215821.428:ERROR:process_memory_win.cc(73)] ReadMemory at 0x19a46bd7150 of 132 bytes failed: Only part of a ReadProcessMemory or WriteProcessMemory request was completed. (0x12B)
[0618/215821.428:ERROR:process_memory_win.cc(73)] ReadMemory at 0x19a46bd72c0 of 132 bytes failed: Only part of a ReadProcessMemory or WriteProcessMemory request was completed. (0x12B)
[0618/215821.428:ERROR:process_memory_win.cc(73)] ReadMemory at 0x19a46bd7560 of 132 bytes failed: Only part of a ReadProcessMemory or WriteProcessMemory request was completed. (0x12B)
[0618/215821.429:ERROR:process_memory_win.cc(73)] ReadMemory at 0x19a46bd76f0 of 68 bytes failed: Only part of a ReadProcessMemory or WriteProcessMemory request was completed. (0x12B)
[0618/215821.429:ERROR:process_memory_win.cc(73)] ReadMemory at 0x19a46bd86e0 of 146 bytes failed: Only part of a ReadProcessMemory or WriteProcessMemory request was completed. (0x12B)
[0618/215821.429:ERROR:process_memory_win.cc(73)] ReadMemory at 0x19a46bd87c0 of 132 bytes failed: Only part of a ReadProcessMemory or WriteProcessMemory request was completed. (0x12B)
[0618/215821.429:ERROR:process_memory_win.cc(73)] ReadMemory at 0x19a46bd8950 of 154 bytes failed: Only part of a ReadProcessMemory or WriteProcessMemory request was completed. (0x12B)
[0618/215821.429:ERROR:process_memory_win.cc(73)] ReadMemory at 0x19a46bd9760 of 62 bytes failed: Only part of a ReadProcessMemory or WriteProcessMemory request was completed. (0x12B)
[0618/215821.430:ERROR:process_memory_win.cc(73)] ReadMemory at 0x19a46bd98c0 of 132 bytes failed: Only part of a ReadProcessMemory or WriteProcessMemory request was completed. (0x12B)
[0618/215821.430:ERROR:process_memory_win.cc(73)] ReadMemory at 0x19a46bd9a50 of 60 bytes failed: Only part of a ReadProcessMemory or WriteProcessMemory request was completed. (0x12B)
[0618/215821.430:ERROR:process_memory_win.cc(73)] ReadMemory at 0x19a46bdb2e0 of 132 bytes failed: Only part of a ReadProcessMemory or WriteProcessMemory request was completed. (0x12B)
[0618/215821.430:ERROR:process_memory_win.cc(73)] ReadMemory at 0x19a46bdb500 of 132 bytes failed: Only part of a ReadProcessMemory or WriteProcessMemory request was completed. (0x12B)
[0618/215821.431:ERROR:process_memory_win.cc(73)] ReadMemory at 0x19a46bdb860 of 132 bytes failed: Only part of a ReadProcessMemory or WriteProcessMemory request was completed. (0x12B)
[0618/215821.431:ERROR:process_memory_win.cc(73)] ReadMemory at 0x19a46bdba70 of 132 bytes failed: Only part of a ReadProcessMemory or WriteProcessMemory request was completed. (0x12B)
[0618/215821.431:ERROR:process_memory_win.cc(73)] ReadMemory at 0x19a46bdbf90 of 132 bytes failed: Only part of a ReadProcessMemory or WriteProcessMemory request was completed. (0x12B)
[0618/215821.431:ERROR:process_memory_win.cc(73)] ReadMemory at 0x19a46bdee90 of 62 bytes failed: Only part of a ReadProcessMemory or WriteProcessMemory request was completed. (0x12B)
[0618/215821.431:ERROR:process_memory_win.cc(73)] ReadMemory at 0x19a46bdef30 of 64 bytes failed: Only part of a ReadProcessMemory or WriteProcessMemory request was completed. (0x12B)
[0618/215821.431:ERROR:process_memory_win.cc(73)] ReadMemory at 0x19a46bdef80 of 62 bytes failed: Only part of a ReadProcessMemory or WriteProcessMemory request was completed. (0x12B)
[0618/215821.432:ERROR:process_memory_win.cc(73)] ReadMemory at 0x19a46bdf070 of 60 bytes failed: Only part of a ReadProcessMemory or WriteProcessMemory request was completed. (0x12B)
[0618/215821.432:ERROR:process_memory_win.cc(73)] ReadMemory at 0x19a46bdf200 of 60 bytes failed: Only part of a ReadProcessMemory or WriteProcessMemory request was completed. (0x12B)
[0618/215821.432:ERROR:process_memory_win.cc(73)] ReadMemory at 0x19a46bdf2a0 of 64 bytes failed: Only part of a ReadProcessMemory or WriteProcessMemory request was completed. (0x12B)
[0618/215821.432:ERROR:process_memory_win.cc(73)] ReadMemory at 0x19a46bdf2f0 of 64 bytes failed: Only part of a ReadProcessMemory or WriteProcessMemory request was completed. (0x12B)
[0618/215821.433:ERROR:process_memory_win.cc(73)] ReadMemory at 0x19a46bdf4d0 of 66 bytes failed: Only part of a ReadProcessMemory or WriteProcessMemory request was completed. (0x12B)
[0618/215821.433:ERROR:process_memory_win.cc(73)] ReadMemory at 0x19a46bdf520 of 64 bytes failed: Only part of a ReadProcessMemory or WriteProcessMemory request was completed. (0x12B)
[0618/215821.433:ERROR:process_memory_win.cc(73)] ReadMemory at 0x19a46be14b0 of 132 bytes failed: Only part of a ReadProcessMemory or WriteProcessMemory request was completed. (0x12B)
[0618/215821.433:ERROR:process_memory_win.cc(73)] ReadMemory at 0x19a46be1710 of 132 bytes failed: Only part of a ReadProcessMemory or WriteProcessMemory request was completed. (0x12B)
[0618/215821.434:ERROR:process_memory_win.cc(73)] ReadMemory at 0x19a46be1840 of 132 bytes failed: Only part of a ReadProcessMemory or WriteProcessMemory request was completed. (0x12B)
[0618/215821.434:ERROR:process_memory_win.cc(73)] ReadMemory at 0x19a46be1970 of 132 bytes failed: Only part of a ReadProcessMemory or WriteProcessMemory request was completed. (0x12B)
[0618/215821.434:ERROR:process_memory_win.cc(73)] ReadMemory at 0x19a46be1aa0 of 132 bytes failed: Only part of a ReadProcessMemory or WriteProcessMemory request was completed. (0x12B)
[0618/215821.434:ERROR:process_memory_win.cc(73)] ReadMemory at 0x19a46be2d50 of 132 bytes failed: Only part of a ReadProcessMemory or WriteProcessMemory request was completed. (0x12B)
[0618/215821.434:ERROR:process_memory_win.cc(73)] ReadMemory at 0x19a46be3ed0 of 80 bytes failed: Only part of a ReadProcessMemory or WriteProcessMemory request was completed. (0x12B)
[0618/215821.435:ERROR:process_memory_win.cc(73)] ReadMemory at 0x19a46be3f30 of 76 bytes failed: Only part of a ReadProcessMemory or WriteProcessMemory request was completed. (0x12B)
[0618/215821.435:ERROR:process_memory_win.cc(73)] ReadMemory at 0x19a46be6090 of 54 bytes failed: Only part of a ReadProcessMemory or WriteProcessMemory request was completed. (0x12B)
[0618/215821.435:ERROR:process_memory_win.cc(73)] ReadMemory at 0x19a46be80b0 of 512 bytes failed: Only part of a ReadProcessMemory or WriteProcessMemory request was completed. (0x12B)
[0618/215821.435:ERROR:process_memory_win.cc(73)] ReadMemory at 0x19a46be98a0 of 132 bytes failed: Only part of a ReadProcessMemory or WriteProcessMemory request was completed. (0x12B)
[0618/215821.435:ERROR:process_memory_win.cc(73)] ReadMemory at 0x19a46be9e90 of 132 bytes failed: Only part of a ReadProcessMemory or WriteProcessMemory request was completed. (0x12B)
[0618/215821.436:ERROR:process_memory_win.cc(73)] ReadMemory at 0x19a46bebd60 of 132 bytes failed: Only part of a ReadProcessMemory or WriteProcessMemory request was completed. (0x12B)
[0618/215821.436:ERROR:process_memory_win.cc(73)] ReadMemory at 0x19a46bebfd0 of 132 bytes failed: Only part of a ReadProcessMemory or WriteProcessMemory request was completed. (0x12B)
[0618/215821.436:ERROR:process_memory_win.cc(73)] ReadMemory at 0x19a46bec360 of 132 bytes failed: Only part of a ReadProcessMemory or WriteProcessMemory request was completed. (0x12B)
[0618/215821.437:ERROR:process_memory_win.cc(73)] ReadMemory at 0x19a46bec490 of 132 bytes failed: Only part of a ReadProcessMemory or WriteProcessMemory request was completed. (0x12B)
[0618/215821.437:ERROR:process_memory_win.cc(73)] ReadMemory at 0x19a46bec5c0 of 132 bytes failed: Only part of a ReadProcessMemory or WriteProcessMemory request was completed. (0x12B)
[0618/215821.437:ERROR:process_memory_win.cc(73)] ReadMemory at 0x19a46bec6f0 of 132 bytes failed: Only part of a ReadProcessMemory or WriteProcessMemory request was completed. (0x12B)
[0618/215821.438:ERROR:process_memory_win.cc(73)] ReadMemory at 0x19a46bec820 of 132 bytes failed: Only part of a ReadProcessMemory or WriteProcessMemory request was completed. (0x12B)
[0618/215821.438:ERROR:process_memory_win.cc(73)] ReadMemory at 0x19a46bec950 of 132 bytes failed: Only part of a ReadProcessMemory or WriteProcessMemory request was completed. (0x12B)
[0618/215821.438:ERROR:process_memory_win.cc(73)] ReadMemory at 0x19a46beca80 of 132 bytes failed: Only part of a ReadProcessMemory or WriteProcessMemory request was completed. (0x12B)
[0618/215821.438:ERROR:process_memory_win.cc(73)] ReadMemory at 0x19a46becbb0 of 132 bytes failed: Only part of a ReadProcessMemory or WriteProcessMemory request was completed. (0x12B)
[0618/215821.439:ERROR:process_memory_win.cc(73)] ReadMemory at 0x19a46bed400 of 132 bytes failed: Only part of a ReadProcessMemory or WriteProcessMemory request was completed. (0x12B)
[0618/215821.439:ERROR:process_memory_win.cc(73)] ReadMemory at 0x19a46bed530 of 132 bytes failed: Only part of a ReadProcessMemory or WriteProcessMemory request was completed. (0x12B)
[0618/215821.439:ERROR:process_memory_win.cc(73)] ReadMemory at 0x19a46bed660 of 132 bytes failed: Only part of a ReadProcessMemory or WriteProcessMemory request was completed. (0x12B)
[0618/215821.439:ERROR:process_memory_win.cc(73)] ReadMemory at 0x19a46bed790 of 132 bytes failed: Only part of a ReadProcessMemory or WriteProcessMemory request was completed. (0x12B)
[0618/215821.439:ERROR:process_memory_win.cc(73)] ReadMemory at 0x19a46bed8c0 of 132 bytes failed: Only part of a ReadProcessMemory or WriteProcessMemory request was completed. (0x12B)
[0618/215821.440:ERROR:process_memory_win.cc(73)] ReadMemory at 0x19a46bed9f0 of 132 bytes failed: Only part of a ReadProcessMemory or WriteProcessMemory request was completed. (0x12B)
[0618/215821.440:ERROR:process_memory_win.cc(73)] ReadMemory at 0x19a46bedb20 of 132 bytes failed: Only part of a ReadProcessMemory or WriteProcessMemory request was completed. (0x12B)
[0618/215821.440:ERROR:process_memory_win.cc(73)] ReadMemory at 0x19a46bedc50 of 132 bytes failed: Only part of a ReadProcessMemory or WriteProcessMemory request was completed. (0x12B)
[0618/215821.440:ERROR:process_memory_win.cc(73)] ReadMemory at 0x19a46bee120 of 64 bytes failed: Only part of a ReadProcessMemory or WriteProcessMemory request was completed. (0x12B)
[0618/215821.441:ERROR:process_memory_win.cc(73)] ReadMemory at 0x19a46bee260 of 66 bytes failed: Only part of a ReadProcessMemory or WriteProcessMemory request was completed. (0x12B)
[0618/215821.441:ERROR:process_memory_win.cc(73)] ReadMemory at 0x19a46bee2b0 of 60 bytes failed: Only part of a ReadProcessMemory or WriteProcessMemory request was completed. (0x12B)
[0618/215821.441:ERROR:process_memory_win.cc(73)] ReadMemory at 0x19a46bee300 of 60 bytes failed: Only part of a ReadProcessMemory or WriteProcessMemory request was completed. (0x12B)
[0618/215821.441:ERROR:process_memory_win.cc(73)] ReadMemory at 0x19a46bee3a0 of 62 bytes failed: Only part of a ReadProcessMemory or WriteProcessMemory request was completed. (0x12B)
[0618/215821.441:ERROR:process_memory_win.cc(73)] ReadMemory at 0x19a46bee440 of 62 bytes failed: Only part of a ReadProcessMemory or WriteProcessMemory request was completed. (0x12B)
[0618/215821.442:ERROR:process_memory_win.cc(73)] ReadMemory at 0x19a46bee490 of 62 bytes failed: Only part of a ReadProcessMemory or WriteProcessMemory request was completed. (0x12B)
[0618/215821.442:ERROR:process_memory_win.cc(73)] ReadMemory at 0x19a46bee4e0 of 64 bytes failed: Only part of a ReadProcessMemory or WriteProcessMemory request was completed. (0x12B)
[0618/215821.442:ERROR:process_memory_win.cc(73)] ReadMemory at 0x19a46bee580 of 62 bytes failed: Only part of a ReadProcessMemory or WriteProcessMemory request was completed. (0x12B)
[0618/215821.442:ERROR:process_memory_win.cc(73)] ReadMemory at 0x19a46bee760 of 64 bytes failed: Only part of a ReadProcessMemory or WriteProcessMemory request was completed. (0x12B)
[0618/215821.442:ERROR:process_memory_win.cc(73)] ReadMemory at 0x19a46bee7b0 of 60 bytes failed: Only part of a ReadProcessMemory or WriteProcessMemory request was completed. (0x12B)
[0618/215821.443:ERROR:process_memory_win.cc(73)] ReadMemory at 0x19a46bee850 of 62 bytes failed: Only part of a ReadProcessMemory or WriteProcessMemory request was completed. (0x12B)
[0618/215821.443:ERROR:process_memory_win.cc(73)] ReadMemory at 0x19a46bee8f0 of 64 bytes failed: Only part of a ReadProcessMemory or WriteProcessMemory request was completed. (0x12B)
[0618/215821.443:ERROR:process_memory_win.cc(73)] ReadMemory at 0x19a46bee990 of 58 bytes failed: Only part of a ReadProcessMemory or WriteProcessMemory request was completed. (0x12B)
[0618/215821.443:ERROR:process_memory_win.cc(73)] ReadMemory at 0x19a46beec10 of 60 bytes failed: Only part of a ReadProcessMemory or WriteProcessMemory request was completed. (0x12B)
[0618/215821.444:ERROR:process_memory_win.cc(73)] ReadMemory at 0x19a46beec60 of 62 bytes failed: Only part of a ReadProcessMemory or WriteProcessMemory request was completed. (0x12B)
[0618/215821.444:ERROR:process_memory_win.cc(73)] ReadMemory at 0x19a46beed00 of 62 bytes failed: Only part of a ReadProcessMemory or WriteProcessMemory request was completed. (0x12B)
[0618/215821.444:ERROR:process_memory_win.cc(73)] ReadMemory at 0x19a46beee90 of 62 bytes failed: Only part of a ReadProcessMemory or WriteProcessMemory request was completed. (0x12B)
[0618/215821.444:ERROR:process_memory_win.cc(73)] ReadMemory at 0x19a46c04220 of 512 bytes failed: Only part of a ReadProcessMemory or WriteProcessMemory request was completed. (0x12B)
[0618/215821.445:ERROR:process_memory_win.cc(73)] ReadMemory at 0x19a4728a851 of 512 bytes failed: Only part of a ReadProcessMemory or WriteProcessMemory request was completed. (0x12B)
[0618/215821.445:ERROR:process_memory_win.cc(73)] ReadMemory at 0x19a47290000 of 384 bytes failed: Only part of a ReadProcessMemory or WriteProcessMemory request was completed. (0x12B)
[0618/215821.445:ERROR:process_memory_win.cc(73)] ReadMemory at 0x19a472d4650 of 512 bytes failed: Only part of a ReadProcessMemory or WriteProcessMemory request was completed. (0x12B)
[0618/215821.445:ERROR:process_memory_win.cc(73)] ReadMemory at 0x19a472f43c0 of 688 bytes failed: Only part of a ReadProcessMemory or WriteProcessMemory request was completed. (0x12B)
[0618/215821.445:ERROR:process_memory_win.cc(73)] ReadMemory at 0x19a4733f460 of 512 bytes failed: Only part of a ReadProcessMemory or WriteProcessMemory request was completed. (0x12B)
[0618/215821.446:ERROR:process_memory_win.cc(73)] ReadMemory at 0x19a47370d50 of 512 bytes failed: Only part of a ReadProcessMemory or WriteProcessMemory request was completed. (0x12B)
[0618/215821.446:ERROR:process_memory_win.cc(73)] ReadMemory at 0x19a4896dd10 of 512 bytes failed: Only part of a ReadProcessMemory or WriteProcessMemory request was completed. (0x12B)
[0618/215821.446:ERROR:process_memory_win.cc(73)] ReadMemory at 0x19a48a085e0 of 512 bytes failed: Only part of a ReadProcessMemory or WriteProcessMemory request was completed. (0x12B)
[0618/215821.446:ERROR:process_memory_win.cc(73)] ReadMemory at 0x19a48a19170 of 512 bytes failed: Only part of a ReadProcessMemory or WriteProcessMemory request was completed. (0x12B)
[0618/215821.447:ERROR:process_memory_win.cc(73)] ReadMemory at 0x19a48ae06b0 of 512 bytes failed: Only part of a ReadProcessMemory or WriteProcessMemory request was completed. (0x12B)
[0618/215821.447:ERROR:process_memory_win.cc(73)] ReadMemory at 0x19a48b72b68 of 512 bytes failed: Only part of a ReadProcessMemory or WriteProcessMemory request was completed. (0x12B)
[0618/215821.447:ERROR:process_memory_win.cc(73)] ReadMemory at 0x19a48f22480 of 640 bytes failed: Only part of a ReadProcessMemory or WriteProcessMemory request was completed. (0x12B)
[0618/215821.447:ERROR:process_memory_win.cc(73)] ReadMemory at 0x19a48fee370 of 512 bytes failed: Only part of a ReadProcessMemory or WriteProcessMemory request was completed. (0x12B)
[0618/215821.447:ERROR:process_memory_win.cc(73)] ReadMemory at 0x19a49a79160 of 512 bytes failed: Only part of a ReadProcessMemory or WriteProcessMemory request was completed. (0x12B)
[0618/215821.448:ERROR:process_memory_win.cc(73)] ReadMemory at 0x19a4f023050 of 512 bytes failed: Only part of a ReadProcessMemory or WriteProcessMemory request was completed. (0x12B)
[0618/215821.448:ERROR:process_memory_win.cc(73)] ReadMemory at 0x5110a742768 of 512 bytes failed: Only part of a ReadProcessMemory or WriteProcessMemory request was completed. (0x12B)
[0618/215821.448:ERROR:process_memory_win.cc(73)] ReadMemory at 0x600ba4d37fb0 of 512 bytes failed: Only part of a ReadProcessMemory or WriteProcessMemory request was completed. (0x12B)
[0618/215821.448:ERROR:process_memory_win.cc(73)] ReadMemory at 0x7ff8802a3a8e of 512 bytes failed: Only part of a ReadProcessMemory or WriteProcessMemory request was completed. (0x12B)
[0618/215821.449:ERROR:process_memory_win.cc(73)] ReadMemory at 0x7ff8802a8fd4 of 512 bytes failed: Only part of a ReadProcessMemory or WriteProcessMemory request was completed. (0x12B)
[0618/215821.449:ERROR:process_memory_win.cc(73)] ReadMemory at 0x7ff883452cf1 of 512 bytes failed: Only part of a ReadProcessMemory or WriteProcessMemory request was completed. (0x12B)
[0618/215821.449:ERROR:process_memory_win.cc(73)] ReadMemory at 0x7ff88375b781 of 512 bytes failed: Only part of a ReadProcessMemory or WriteProcessMemory request was completed. (0x12B)
[0618/215821.449:ERROR:process_memory_win.cc(73)] ReadMemory at 0x7ff8c60379a5 of 512 bytes failed: Only part of a ReadProcessMemory or WriteProcessMemory request was completed. (0x12B)
[0618/215821.449:ERROR:process_memory_win.cc(73)] ReadMemory at 0x7ff8c6038180 of 512 bytes failed: Only part of a ReadProcessMemory or WriteProcessMemory request was completed. (0x12B)
[0618/215821.450:ERROR:process_memory_win.cc(73)] ReadMemory at 0x7ff8dedfc074 of 672 bytes failed: Only part of a ReadProcessMemory or WriteProcessMemory request was completed. (0x12B)
[0618/215821.450:ERROR:process_memory_win.cc(73)] ReadMemory at 0x7ff8dedff924 of 608 bytes failed: Only part of a ReadProcessMemory or WriteProcessMemory request was completed. (0x12B)
[0618/215821.450:ERROR:process_memory_win.cc(73)] ReadMemory at 0x7ff8dee8c428 of 18 bytes failed: Only part of a ReadProcessMemory or WriteProcessMemory request was completed. (0x12B)
[0618/215821.450:ERROR:process_memory_win.cc(73)] ReadMemory at 0x7ff8deebf4f8 of 40 bytes failed: Only part of a ReadProcessMemory or WriteProcessMemory request was completed. (0x12B)
[0618/215821.451:ERROR:process_memory_win.cc(73)] ReadMemory at 0x7ff8deebf978 of 48 bytes failed: Only part of a ReadProcessMemory or WriteProcessMemory request was completed. (0x12B)
[0618/215821.451:ERROR:process_memory_win.cc(73)] ReadMemory at 0x7ff8deec53c0 of 64 bytes failed: Only part of a ReadProcessMemory or WriteProcessMemory request was completed. (0x12B)
[0618/215822.219:ERROR:scoped_process_suspend.cc(40)] NtResumeProcess: An attempt was made to access an exiting process. (0xc000010a)
[0626/144541.039:ERROR:process_reader_win.cc(123)] NtOpenThread: {Access Denied} A process has requested access to an object, but has not been granted those access rights. (0xc0000022)
[0626/144541.804:ERROR:exception_snapshot_win.cc(98)] thread ID 8908 not found in process
